Script started on 2025-10-01 21:42:34+00:00 [COMMAND="bash" TERM="tmux-256color" TTY="/dev/pts/35" COLUMNS="19" LINES="2"]
[?2004htester@LC1UNVME:~/Projects/MyDevelopment$ [KM[KM[Ktester@LC1UNVME:~/Projects/MyDevelopment$ [KM[KM[Ktester@LC1UNVME:~/Projects/MyDevelopment$ telne t 172.25.27.3 200[K27
[?2004lTrying 172.25.27.3...
Connected to 172.25.27.3.
Escape character is '^]'.

Authentication f

****************************************************************************

Welcome to Cisco Integrated Management Controller's Interactive Debug.
Please provide your credentials in order

****************************************************************************

Welcome to Cisco Integrated Management Controller's Interactive 

****************************************************************************

Welcome to Cisco Integrated Management Controller's Interactive 
****************************************************************************

Welcome to Cisco Integrated Management Controller's Interactive Debug.
Please provide your credentials in order to proceed.

****************************************************************************

login: 
Authentication f

****************************************************************************

Welcome to Cisco Integrated Management Controller's Interactive Debug.
Please p

****************************************************************************

Welcome to Cisco Integrated Management Controller's Interactive Debug.
Please p
****************************************************************************

Welcome to Cisco Integrated Management Controller's Interactive Debug.
Please provide your credentials in order to proceed.

****************************************************************************

login: 
Authentication f

****************************************************************************

Welcome to Cisco Integrated Management Controller's Interactive 

****************************************************************************

Welcome to Cisco Integrated Management Controller's Interactive Debug.
Please p

****************************************************************************

Welcome to Cisco Integrated Management Controller's Interactive Debug.
Please provide your credentials in order to proceed.

****************************************************************************

login: Authentication f
****************************************************************************

Welcome to Cisco Integrated Management Controller's Interactive Debug.
Please provide your credentials in order to proceed.

****************************************************************************

login: 