Script started on 2025-10-01 21:42:34+00:00 [COMMAND="bash" TERM="tmux-256color" TTY="/dev/pts/40" COLUMNS="9" LINES="5"]
[?2004htester@LC1UNVME:~/Projects/MyDevelopment$ [KM[KM[KM[KM[Ktester@LC1UNVME:~/Projects/MyDevelopment$ [KM[KM[Ktester@LC1UNVME:~/Projects/MyDevelopment$ telnet 172.25.27.2[K3 2030
[?2004lTrying 172.25.27.3...
Connected to 172.25.27.3.
Escape character is '^]'.

telnet> q
Connection closed.
[?2004htester@LC1UNVME:~/Projects/MyDevelopment$ telnet 172.25.27.3 2030[K[K29
[?2004lTrying 172.25.27.3...
Connected to 172.25.27.3.
Escape character is '^]'.

Authentication f

****************************************************************************

Welcome to Cisco Integrated Management Controller's Interactive Debug.
Please provide your cred

****************************************************************************

Welcome to Cisco Integrated Management Controller's Interactive 

****************************************************************************

Welcome to Cisco Integrated Management Controlle


****************************************************************************

Welcome to Cisco Integrated Management Controller's Interactive Debug.
Please provide your credentials in order to proceed.


****************************************************************************

Welcome to Cisco Integrated Management Controller's Interactive Debug.
Please provide your credentials in order to proceed.

****************************************************************************

login: 
Authentication f

****************************************************************************

Welcome to Cisco Integrated Management Controller's Interactive Debug.
Please provide your credentials in order to proceed.

****************************************************************************

login: Authentication failed.

****************************************************************************

Welcome to Cisco Integrated Management Controller's Interactive Debug.
Please provide your credentials in order to proceed.

****************************************************************************

login: 
Authentication f
****************************************************************************

Welcome to Cisco Integrated Management Controller's Interactive 

****************************************************************************

Welcome to Cisco Integrated Management Controller's Interactive 

****************************************************************************

Welcome to Cisco Integrated Management Controller's Interactive 

****************************************************************************

Welcome to Cisco Integrated Management Controlle
****************************************************************************

Welcome to Cisco Integrated Management Controller's Interactive Debug.
Please provide your credentials in order

****************************************************************************

Welcome to Cisco Integrated Management Controller's Interactive 

****************************************************************************

Welcome to Cisco Integrated Management Controller's Interactive Debug.
Please provide your credentials in order to proceed.

****************************************************************************

login: Authentication f
****************************************************************************

Welcome to Cisco Integrated Management Controller's Interactive Debug.
Please provide your credentials in order to proceed.

****************************************************************************

login: 
Authentication failed.


****************************************************************************

Welcome to Cisco Integrated Management Controller's Interactive 
****************************************************************************

Welcome to Cisco Integrated Management Controller's Interactive Debug.
Please provide your credentials in order to proceed.

****************************************************************************

login: q^[^[
Unexpected character inputted: 0
****************************************************************************

Welcome to Cisco Integrated Management Controller's Interactive Debug.
Please provide your credentials in order to proceed.

****************

****************************************************************************

Welcome to Cisco Integrated Management Controller's Interactive 
****************************************************************************

Welcome to Cisco Integrated Management Controller's Interactive Debug.
Please provide your credentials in order to proceed.

****************************************************************************

login: 
Authentication f
****************************************************************************

Welcome to Cisco Integrated Management Controller's Interactive Debug.
Please provide your credentials in order to proceed.

****************************************************************************

login: 
Authentication f

****************************************************************************

Welcome to Cisco Integrated Management Controller's Interactive Debug.
Please provide your credentials in order to proceed.

************************************************

****************************************************************************

Welcome to Cisco Integrated Management Controller's Interactive 

****************************************************************************

Welcome to Cisco Integrated Management Controller's Interactive Debug.
Please p
****************************************************************************

Welcome to Cisco Integrated Management Controller's Interactive Debug.
Please provide your credentials in order to proceed.

****************************************************************************

login: 